<?xml version='1.0' encoding='UTF-8'?>
<testsuite hostname="DESKTOP-EJBFG7B" name="hw4.MatMulModelTester" tests="5" errors="0" failures="0" skipped="0" time="0.069" timestamp="2024-03-01T12:57:47">
          <properties>
      <property name="java.specification.version" value="17"/><property name="sun.cpu.isalist" value="amd64"/><property name="sun.jnu.encoding" value="Cp1252"/><property name="sun.arch.data.model" value="64"/><property name="java.vendor.url" value="https://java.oracle.com/"/><property name="jline.terminal" value="unix"/><property name="sun.boot.library.path" value="C:\Program Files\Java\jdk-17\bin"/><property name="sun.java.command" value="C:\Program Files (x86)\sbt\bin\sbt-launch.jar test"/><property name="jdk.debug" value="release"/><property name="sun.stderr.encoding" value="cp437"/><property name="java.specification.vendor" value="Oracle Corporation"/><property name="java.version.date" value="2024-01-16"/><property name="java.home" value="C:\Program Files\Java\jdk-17"/><property name="file.separator" value="\"/><property name="java.vm.compressedOopsMode" value="32-bit"/><property name="line.separator" value="
"/><property name="sun.stdout.encoding" value="cp437"/><property name="java.vm.specification.vendor" value="Oracle Corporation"/><property name="java.specification.name" value="Java Platform API Specification"/><property name="user.script" value=""/><property name="sun.management.compiler" value="HotSpot 64-Bit Tiered Compilers"/><property name="java.runtime.version" value="17.0.10+11-LTS-240"/><property name="user.name" value="Dell"/><property name="log4j.ignoreTCL" value="true"/><property name="file.encoding" value="UTF-8"/><property name="jnidispatch.path" value="C:\Users\Dell\AppData\Local\Temp\jna-2126305\jna12992971227026027959.dll"/><property name="jna.loaded" value="true"/><property name="java.io.tmpdir" value="C:\Users\Dell\AppData\Local\Temp\"/><property name="java.version" value="17.0.10"/><property name="java.vm.specification.name" value="Java Virtual Machine Specification"/><property name="sun.os.patch.level" value=""/><property name="native.encoding" value="Cp1252"/><property name="java.library.path" value="C:\Program Files\Java\jdk-17\bin;C:\Windows\Sun\Java\bin;C:\Windows\system32;C:\Windows;C:\Users\Dell\bin;C:\Program Files\Git\mingw64\bin;C:\Program Files\Git\usr\local\bin;C:\Program Files\Git\usr\bin;C:\Program Files\Git\usr\bin;C:\Program Files\Git\mingw64\bin;C:\Program Files\Git\usr\bin;C:\Users\Dell\bin;C:\Program Files\dotnet;C:\Program Files\CMake\bin;C:\Program Files\qemu;C:\Users\Dell\AppData\Local\Microsoft\WindowsApps;C:\Users\Dell\AppData\Local\Programs\Microsoft VS Code\bin;C:\Users\Dell\AppData\Roaming\npm;C:\Program Files\JetBrains\IntelliJ IDEA 2023.3.2\bin;C:\Program Files\Java\jdk-17\bin;C:\Program Files (x86)\sbt\bin;C:\MinGW\bin;C:\Program Files\qemu;C:\Program Files\Git\usr\bin\vendor_perl;C:\Program Files\Git\usr\bin\core_perl;."/><property name="java.vendor" value="Oracle Corporation"/><property name="scala.ext.dirs" value="C:\Users\Dell\.sbt\1.0\java9-rt-ext-oracle_corporation_17_0_10"/><property name="sun.io.unicode.encoding" value="UnicodeLittle"/><property name="java.class.path" value="C:\Program Files (x86)\sbt\bin\sbt-launch.jar"/><property name="java.vm.vendor" value="Oracle Corporation"/><property name="user.variant" value=""/><property name="jline.shutdownhook" value="false"/><property name="user.timezone" value="America/Los_Angeles"/><property name="java.vm.specification.version" value="17"/><property name="os.name" value="Windows 11"/><property name="sun.java.launcher" value="SUN_STANDARD"/><property name="user.country" value="US"/><property name="sun.cpu.endian" value="little"/><property name="user.home" value="C:\Users\Dell"/><property name="user.language" value="en"/><property name="sbt.script" value="C:/Program%20Files%20(x86)/sbt/bin/sbt"/><property name="sbt.ipcsocket.tmpdir" value="C:\Users\Dell\AppData\Local\Temp\.sbtd58471e1\ipcsocket"/><property name="swoval.tmpdir" value="C:\Users\Dell\AppData\Local\Temp\.sbtd58471e1\swoval"/><property name="jline.esc.timeout" value="0"/><property name="path.separator" value=";"/><property name="os.version" value="10.0"/><property name="jna.nosys" value="true"/><property name="java.runtime.name" value="Java(TM) SE Runtime Environment"/><property name="java.vm.name" value="Java HotSpot(TM) 64-Bit Server VM"/><property name="java.vendor.url.bug" value="https://bugreport.java.com/bugreport/"/><property name="user.dir" value="C:\Users\Dell\OneDrive\Desktop\hw4-main"/><property name="os.arch" value="amd64"/><property name="java.vm.info" value="mixed mode, sharing"/><property name="sbt.cygwin" value="true"/><property name="java.vm.version" value="17.0.10+11-LTS-240"/><property name="java.class.version" value="61.0"/>
    </properties>
          <testcase classname="hw4.MatMulModelTester" name="MatMulModel should multiply identity (4x4)" time="0.067">
                      
                    </testcase><testcase classname="hw4.MatMulModelTester" name="MatMulModel should multiply identity x in4x2" time="0.001">
                      
                    </testcase><testcase classname="hw4.MatMulModelTester" name="MatMulModel should multiply identity x in2x4" time="0.001">
                      
                    </testcase><testcase classname="hw4.MatMulModelTester" name="MatMulModel should multiply in2x4 x in4x2" time="0.0">
                      
                    </testcase><testcase classname="hw4.MatMulModelTester" name="MatMulModel should multiply in4x2 x in2x4" time="0.0">
                      
                    </testcase>
          <system-out><![CDATA[]]></system-out>
          <system-err><![CDATA[]]></system-err>
        </testsuite>